2014/12/24 12:14:09 [error] [exception.CException] exception 'CException' with message 'CAssetManager.basePath "/opt/lampp/htdocs/assets" is invalid. Please make sure the directory exists and is writable by the Web server process.' in /opt/lampp/htdocs/framework/web/CAssetManager.php:138
Stack trace:
#0 /opt/lampp/htdocs/framework/web/CAssetManager.php(123): CAssetManager->setBasePath('/opt/lampp/htdo...')
#1 /opt/lampp/htdocs/framework/web/CAssetManager.php(217): CAssetManager->getBasePath()
#2 /opt/lampp/htdocs/framework/web/CClientScript.php(510): CAssetManager->publish('/opt/lampp/htdo...')
#3 /opt/lampp/htdocs/framework/web/CClientScript.php(547): CClientScript->getCoreScriptUrl()
#4 /opt/lampp/htdocs/framework/web/CClientScript.php(348): CClientScript->getPackageBaseUrl('jquery')
#5 /opt/lampp/htdocs/framework/web/CClientScript.php(208): CClientScript->renderCoreScripts()
#6 /opt/lampp/htdocs/framework/web/CController.php(351): CClientScript->render('<!DOCTYPE html ...')
#7 /opt/lampp/htdocs/framework/web/CController.php(788): CController->processOutput('<!DOCTYPE html ...')
#8 /opt/lampp/htdocs/protected/controllers/SiteController.php(72): CController->render('contact', Array)
#9 /opt/lampp/htdocs/framework/web/actions/CInlineAction.php(49): SiteController->actionContact()
#10 /opt/lampp/htdocs/framework/web/CController.php(308): CInlineAction->runWithParams(Array)
#11 /opt/lampp/htdocs/framework/web/CController.php(286): CController->runAction(Object(CInlineAction))
#12 /opt/lampp/htdocs/framework/web/CController.php(265): CController->runActionWithFilters(Object(CInlineAction), Array)
#13 /opt/lampp/htdocs/framework/web/CWebApplication.php(282): CController->run('contact')
#14 /opt/lampp/htdocs/framework/web/CWebApplication.php(141): CWebApplication->runController('site/contact')
#15 /opt/lampp/htdocs/framework/base/CApplication.php(180): CWebApplication->processRequest()
#16 /opt/lampp/htdocs/index.php(13): CApplication->run()
#17 {main}
REQUEST_URI=/site/contact
HTTP_REFERER=http://localhost/site/index
---
2014/12/24 12:14:37 [error] [exception.CException] exception 'CException' with message 'CAssetManager.basePath "/opt/lampp/htdocs/assets" is invalid. Please make sure the directory exists and is writable by the Web server process.' in /opt/lampp/htdocs/framework/web/CAssetManager.php:138
Stack trace:
#0 /opt/lampp/htdocs/framework/web/CAssetManager.php(123): CAssetManager->setBasePath('/opt/lampp/htdo...')
#1 /opt/lampp/htdocs/framework/web/CAssetManager.php(217): CAssetManager->getBasePath()
#2 /opt/lampp/htdocs/framework/web/CClientScript.php(510): CAssetManager->publish('/opt/lampp/htdo...')
#3 /opt/lampp/htdocs/framework/web/CClientScript.php(547): CClientScript->getCoreScriptUrl()
#4 /opt/lampp/htdocs/framework/web/CClientScript.php(348): CClientScript->getPackageBaseUrl('jquery')
#5 /opt/lampp/htdocs/framework/web/CClientScript.php(208): CClientScript->renderCoreScripts()
#6 /opt/lampp/htdocs/framework/web/CController.php(351): CClientScript->render('<!DOCTYPE html ...')
#7 /opt/lampp/htdocs/framework/web/CController.php(788): CController->processOutput('<!DOCTYPE html ...')
#8 /opt/lampp/htdocs/protected/controllers/SiteController.php(72): CController->render('contact', Array)
#9 /opt/lampp/htdocs/framework/web/actions/CInlineAction.php(49): SiteController->actionContact()
#10 /opt/lampp/htdocs/framework/web/CController.php(308): CInlineAction->runWithParams(Array)
#11 /opt/lampp/htdocs/framework/web/CController.php(286): CController->runAction(Object(CInlineAction))
#12 /opt/lampp/htdocs/framework/web/CController.php(265): CController->runActionWithFilters(Object(CInlineAction), Array)
#13 /opt/lampp/htdocs/framework/web/CWebApplication.php(282): CController->run('contact')
#14 /opt/lampp/htdocs/framework/web/CWebApplication.php(141): CWebApplication->runController('site/contact')
#15 /opt/lampp/htdocs/framework/base/CApplication.php(180): CWebApplication->processRequest()
#16 /opt/lampp/htdocs/index.php(13): CApplication->run()
#17 {main}
REQUEST_URI=/site/contact
HTTP_REFERER=http://localhost/site/index
---
2014/12/24 12:49:52 [error] [exception.CHttpException.404] exception 'CHttpException' with message 'The system is unable to find the requested action "css".' in /opt/lampp/htdocs/framework/web/CController.php:483
Stack trace:
#0 /opt/lampp/htdocs/framework/web/CController.php(270): CController->missingAction('css')
#1 /opt/lampp/htdocs/framework/web/CWebApplication.php(282): CController->run('css')
#2 /opt/lampp/htdocs/framework/web/CWebApplication.php(141): CWebApplication->runController('site/css/bootst...')
#3 /opt/lampp/htdocs/framework/base/CApplication.php(180): CWebApplication->processRequest()
#4 /opt/lampp/htdocs/index.php(13): CApplication->run()
#5 {main}
REQUEST_URI=/site/css/bootstrap.min.css
HTTP_REFERER=http://localhost/site/page?view=about
---
2014/12/24 12:50:09 [error] [php] Use of undefined constant content - assumed 'content' (/opt/lampp/htdocs/themes/bootstrap/views/layouts/main.php:17)
Stack trace:
#0 /opt/lampp/htdocs/framework/web/widgets/CContentDecorator.php(76): SiteController->renderFile()
#1 /opt/lampp/htdocs/framework/web/widgets/CContentDecorator.php(54): CContentDecorator->decorate()
#2 /opt/lampp/htdocs/framework/web/widgets/COutputProcessor.php(44): CContentDecorator->processOutput()
#3 /opt/lampp/htdocs/framework/web/CBaseController.php(206): CContentDecorator->run()
#4 /opt/lampp/htdocs/framework/web/CBaseController.php(300): SiteController->endWidget()
#5 /opt/lampp/htdocs/protected/views/layouts/column1.php(6): SiteController->endContent()
#6 /opt/lampp/htdocs/framework/web/CBaseController.php(126): require()
#7 /opt/lampp/htdocs/framework/web/CBaseController.php(95): SiteController->renderInternal()
#8 /opt/lampp/htdocs/framework/web/CController.php(784): SiteController->renderFile()
#9 /opt/lampp/htdocs/framework/web/actions/CViewAction.php(140): SiteController->render()
#10 /opt/lampp/htdocs/framework/web/actions/CAction.php(76): CViewAction->run()
#11 /opt/lampp/htdocs/framework/web/CController.php(308): CViewAction->runWithParams()
#12 /opt/lampp/htdocs/framework/web/CController.php(286): SiteController->runAction()
#13 /opt/lampp/htdocs/framework/web/CController.php(265): SiteController->runActionWithFilters()
#14 /opt/lampp/htdocs/framework/web/CWebApplication.php(282): SiteController->run()
#15 /opt/lampp/htdocs/framework/web/CWebApplication.php(141): CWebApplication->runController()
#16 /opt/lampp/htdocs/framework/base/CApplication.php(180): CWebApplication->processRequest()
#17 /opt/lampp/htdocs/index.php(13): CWebApplication->run()
REQUEST_URI=/site/page?view=about
in /opt/lampp/htdocs/themes/bootstrap/views/layouts/main.php (17)
in /opt/lampp/htdocs/protected/views/layouts/column1.php (6)
in /opt/lampp/htdocs/index.php (13)
2014/12/24 12:50:20 [error] [exception.CHttpException.404] exception 'CHttpException' with message 'The system is unable to find the requested action "css".' in /opt/lampp/htdocs/framework/web/CController.php:483
Stack trace:
#0 /opt/lampp/htdocs/framework/web/CController.php(270): CController->missingAction('css')
#1 /opt/lampp/htdocs/framework/web/CWebApplication.php(282): CController->run('css')
#2 /opt/lampp/htdocs/framework/web/CWebApplication.php(141): CWebApplication->runController('site/css/bootst...')
#3 /opt/lampp/htdocs/framework/base/CApplication.php(180): CWebApplication->processRequest()
#4 /opt/lampp/htdocs/index.php(13): CApplication->run()
#5 {main}
REQUEST_URI=/site/css/bootstrap.min.css
HTTP_REFERER=http://localhost/site/page?view=about
---
2014/12/24 12:50:26 [error] [exception.CHttpException.404] exception 'CHttpException' with message 'Unable to resolve the request "css/bootstrap.min.css".' in /opt/lampp/htdocs/framework/web/CWebApplication.php:286
Stack trace:
#0 /opt/lampp/htdocs/framework/web/CWebApplication.php(141): CWebApplication->runController('css/bootstrap.m...')
#1 /opt/lampp/htdocs/framework/base/CApplication.php(180): CWebApplication->processRequest()
#2 /opt/lampp/htdocs/index.php(13): CApplication->run()
#3 {main}
REQUEST_URI=/css/bootstrap.min.css
HTTP_REFERER=http://localhost/
---
2014/12/24 12:51:50 [error] [exception.CHttpException.404] exception 'CHttpException' with message 'Unable to resolve the request "css/bootstrap.min.css".' in /opt/lampp/htdocs/framework/web/CWebApplication.php:286
Stack trace:
#0 /opt/lampp/htdocs/framework/web/CWebApplication.php(141): CWebApplication->runController('css/bootstrap.m...')
#1 /opt/lampp/htdocs/framework/base/CApplication.php(180): CWebApplication->processRequest()
#2 /opt/lampp/htdocs/index.php(13): CApplication->run()
#3 {main}
REQUEST_URI=/css/bootstrap.min.css
HTTP_REFERER=http://localhost/
---
2014/12/24 12:51:50 [error] [exception.CHttpException.404] exception 'CHttpException' with message 'Unable to resolve the request "js/bootstrap.min.js".' in /opt/lampp/htdocs/framework/web/CWebApplication.php:286
Stack trace:
#0 /opt/lampp/htdocs/framework/web/CWebApplication.php(141): CWebApplication->runController('js/bootstrap.mi...')
#1 /opt/lampp/htdocs/framework/base/CApplication.php(180): CWebApplication->processRequest()
#2 /opt/lampp/htdocs/index.php(13): CApplication->run()
#3 {main}
REQUEST_URI=/js/bootstrap.min.js
HTTP_REFERER=http://localhost/
---
2014/12/24 12:51:53 [error] [exception.CHttpException.404] exception 'CHttpException' with message 'Unable to resolve the request "js/bootstrap.min.js".' in /opt/lampp/htdocs/framework/web/CWebApplication.php:286
Stack trace:
#0 /opt/lampp/htdocs/framework/web/CWebApplication.php(141): CWebApplication->runController('js/bootstrap.mi...')
#1 /opt/lampp/htdocs/framework/base/CApplication.php(180): CWebApplication->processRequest()
#2 /opt/lampp/htdocs/index.php(13): CApplication->run()
#3 {main}
REQUEST_URI=/js/bootstrap.min.js
HTTP_REFERER=http://localhost/
---
2014/12/24 12:54:56 [error] [exception.CHttpException.404] exception 'CHttpException' with message 'The system is unable to find the requested action "about".' in /opt/lampp/htdocs/framework/web/CController.php:483
Stack trace:
#0 /opt/lampp/htdocs/framework/web/CController.php(270): CController->missingAction('about')
#1 /opt/lampp/htdocs/framework/web/CWebApplication.php(282): CController->run('about')
#2 /opt/lampp/htdocs/framework/web/CWebApplication.php(141): CWebApplication->runController('site/about')
#3 /opt/lampp/htdocs/framework/base/CApplication.php(180): CWebApplication->processRequest()
#4 /opt/lampp/htdocs/index.php(13): CApplication->run()
#5 {main}
REQUEST_URI=/site/about
---
2014/12/24 12:54:56 [error] [exception.CHttpException.404] exception 'CHttpException' with message 'The system is unable to find the requested action "js".' in /opt/lampp/htdocs/framework/web/CController.php:483
Stack trace:
#0 /opt/lampp/htdocs/framework/web/CController.php(270): CController->missingAction('js')
#1 /opt/lampp/htdocs/framework/web/CWebApplication.php(282): CController->run('js')
#2 /opt/lampp/htdocs/framework/web/CWebApplication.php(141): CWebApplication->runController('site/js/bootstr...')
#3 /opt/lampp/htdocs/framework/base/CApplication.php(180): CWebApplication->processRequest()
#4 /opt/lampp/htdocs/index.php(13): CApplication->run()
#5 {main}
REQUEST_URI=/site/js/bootstrap.min.js
HTTP_REFERER=http://localhost/site/about
---
2014/12/24 12:54:56 [error] [exception.CHttpException.404] exception 'CHttpException' with message 'The system is unable to find the requested action "js".' in /opt/lampp/htdocs/framework/web/CController.php:483
Stack trace:
#0 /opt/lampp/htdocs/framework/web/CController.php(270): CController->missingAction('js')
#1 /opt/lampp/htdocs/framework/web/CWebApplication.php(282): CController->run('js')
#2 /opt/lampp/htdocs/framework/web/CWebApplication.php(141): CWebApplication->runController('site/js/jquery....')
#3 /opt/lampp/htdocs/framework/base/CApplication.php(180): CWebApplication->processRequest()
#4 /opt/lampp/htdocs/index.php(13): CApplication->run()
#5 {main}
REQUEST_URI=/site/js/jquery.min.js
HTTP_REFERER=http://localhost/site/about
---
2014/12/24 12:54:56 [error] [exception.CHttpException.404] exception 'CHttpException' with message 'The system is unable to find the requested action "css".' in /opt/lampp/htdocs/framework/web/CController.php:483
Stack trace:
#0 /opt/lampp/htdocs/framework/web/CController.php(270): CController->missingAction('css')
#1 /opt/lampp/htdocs/framework/web/CWebApplication.php(282): CController->run('css')
#2 /opt/lampp/htdocs/framework/web/CWebApplication.php(141): CWebApplication->runController('site/css/bootst...')
#3 /opt/lampp/htdocs/framework/base/CApplication.php(180): CWebApplication->processRequest()
#4 /opt/lampp/htdocs/index.php(13): CApplication->run()
#5 {main}
REQUEST_URI=/site/css/bootstrap.min.css
HTTP_REFERER=http://localhost/site/about
---
2014/12/24 12:54:56 [error] [exception.CHttpException.404] exception 'CHttpException' with message 'The system is unable to find the requested action "js".' in /opt/lampp/htdocs/framework/web/CController.php:483
Stack trace:
#0 /opt/lampp/htdocs/framework/web/CController.php(270): CController->missingAction('js')
#1 /opt/lampp/htdocs/framework/web/CWebApplication.php(282): CController->run('js')
#2 /opt/lampp/htdocs/framework/web/CWebApplication.php(141): CWebApplication->runController('site/js/bootstr...')
#3 /opt/lampp/htdocs/framework/base/CApplication.php(180): CWebApplication->processRequest()
#4 /opt/lampp/htdocs/index.php(13): CApplication->run()
#5 {main}
REQUEST_URI=/site/js/bootstrap.min.js
HTTP_REFERER=http://localhost/site/about
---
2014/12/24 12:55:01 [error] [exception.CHttpException.404] exception 'CHttpException' with message 'The system is unable to find the requested action "css".' in /opt/lampp/htdocs/framework/web/CController.php:483
Stack trace:
#0 /opt/lampp/htdocs/framework/web/CController.php(270): CController->missingAction('css')
#1 /opt/lampp/htdocs/framework/web/CWebApplication.php(282): CController->run('css')
#2 /opt/lampp/htdocs/framework/web/CWebApplication.php(141): CWebApplication->runController('site/css/bootst...')
#3 /opt/lampp/htdocs/framework/base/CApplication.php(180): CWebApplication->processRequest()
#4 /opt/lampp/htdocs/index.php(13): CApplication->run()
#5 {main}
REQUEST_URI=/site/css/bootstrap.min.css
HTTP_REFERER=http://localhost/site/login
---
2014/12/24 12:55:01 [error] [exception.CHttpException.404] exception 'CHttpException' with message 'The system is unable to find the requested action "js".' in /opt/lampp/htdocs/framework/web/CController.php:483
Stack trace:
#0 /opt/lampp/htdocs/framework/web/CController.php(270): CController->missingAction('js')
#1 /opt/lampp/htdocs/framework/web/CWebApplication.php(282): CController->run('js')
#2 /opt/lampp/htdocs/framework/web/CWebApplication.php(141): CWebApplication->runController('site/js/bootstr...')
#3 /opt/lampp/htdocs/framework/base/CApplication.php(180): CWebApplication->processRequest()
#4 /opt/lampp/htdocs/index.php(13): CApplication->run()
#5 {main}
REQUEST_URI=/site/js/bootstrap.min.js
HTTP_REFERER=http://localhost/site/login
---
2014/12/24 12:55:01 [error] [exception.CHttpException.404] exception 'CHttpException' with message 'The system is unable to find the requested action "js".' in /opt/lampp/htdocs/framework/web/CController.php:483
Stack trace:
#0 /opt/lampp/htdocs/framework/web/CController.php(270): CController->missingAction('js')
#1 /opt/lampp/htdocs/framework/web/CWebApplication.php(282): CController->run('js')
#2 /opt/lampp/htdocs/framework/web/CWebApplication.php(141): CWebApplication->runController('site/js/jquery....')
#3 /opt/lampp/htdocs/framework/base/CApplication.php(180): CWebApplication->processRequest()
#4 /opt/lampp/htdocs/index.php(13): CApplication->run()
#5 {main}
REQUEST_URI=/site/js/jquery.min.js
HTTP_REFERER=http://localhost/site/login
---
2014/12/24 12:55:01 [error] [exception.CHttpException.404] exception 'CHttpException' with message 'The system is unable to find the requested action "css".' in /opt/lampp/htdocs/framework/web/CController.php:483
Stack trace:
#0 /opt/lampp/htdocs/framework/web/CController.php(270): CController->missingAction('css')
#1 /opt/lampp/htdocs/framework/web/CWebApplication.php(282): CController->run('css')
#2 /opt/lampp/htdocs/framework/web/CWebApplication.php(141): CWebApplication->runController('site/css/bootst...')
#3 /opt/lampp/htdocs/framework/base/CApplication.php(180): CWebApplication->processRequest()
#4 /opt/lampp/htdocs/index.php(13): CApplication->run()
#5 {main}
REQUEST_URI=/site/css/bootstrap.min.css
HTTP_REFERER=http://localhost/site/login
---
2014/12/24 12:55:01 [error] [exception.CHttpException.404] exception 'CHttpException' with message 'The system is unable to find the requested action "js".' in /opt/lampp/htdocs/framework/web/CController.php:483
Stack trace:
#0 /opt/lampp/htdocs/framework/web/CController.php(270): CController->missingAction('js')
#1 /opt/lampp/htdocs/framework/web/CWebApplication.php(282): CController->run('js')
#2 /opt/lampp/htdocs/framework/web/CWebApplication.php(141): CWebApplication->runController('site/js/jquery....')
#3 /opt/lampp/htdocs/framework/base/CApplication.php(180): CWebApplication->processRequest()
#4 /opt/lampp/htdocs/index.php(13): CApplication->run()
#5 {main}
REQUEST_URI=/site/js/jquery.min.js
HTTP_REFERER=http://localhost/site/login
---
2014/12/24 12:55:01 [error] [exception.CHttpException.404] exception 'CHttpException' with message 'The system is unable to find the requested action "js".' in /opt/lampp/htdocs/framework/web/CController.php:483
Stack trace:
#0 /opt/lampp/htdocs/framework/web/CController.php(270): CController->missingAction('js')
#1 /opt/lampp/htdocs/framework/web/CWebApplication.php(282): CController->run('js')
#2 /opt/lampp/htdocs/framework/web/CWebApplication.php(141): CWebApplication->runController('site/js/bootstr...')
#3 /opt/lampp/htdocs/framework/base/CApplication.php(180): CWebApplication->processRequest()
#4 /opt/lampp/htdocs/index.php(13): CApplication->run()
#5 {main}
REQUEST_URI=/site/js/bootstrap.min.js
HTTP_REFERER=http://localhost/site/login
---
